{"level":"info","message":"Server running on PORT: 8000","timestamp":"2025-12-13 12:37:34"}
{"level":"info","message":"Connected with MongoDB Database!!!","timestamp":"2025-12-13 12:37:36"}
{"level":"info","message":"Server running on PORT: 8000","timestamp":"2025-12-13 12:42:25"}
{"level":"info","message":"Connected with MongoDB Database!!!","timestamp":"2025-12-13 12:42:27"}
{"level":"info","message":"Server running on PORT: 8000","timestamp":"2025-12-13 12:57:58"}
{"level":"info","message":"Connected with MongoDB Database!!!","timestamp":"2025-12-13 12:57:59"}
{"level":"info","message":"Server running on PORT: 8000","timestamp":"2025-12-13 12:58:39"}
{"level":"info","message":"Connected with MongoDB Database!!!","timestamp":"2025-12-13 12:58:41"}
{"level":"info","message":"Server running on PORT: 8000","timestamp":"2025-12-13 17:46:32"}
{"level":"info","message":"Connected with MongoDB Database!!!","timestamp":"2025-12-13 17:46:33"}
{"level":"info","message":"Server running on PORT: 8000","timestamp":"2025-12-13 18:11:33"}
{"level":"info","message":"Connected with MongoDB Database!!!","timestamp":"2025-12-13 18:11:34"}
{"level":"info","message":"Server running on PORT: 8000","timestamp":"2025-12-13 18:36:08"}
{"level":"info","message":"Connected with MongoDB Database!!!","timestamp":"2025-12-13 18:36:10"}
{"level":"info","message":"Server running on PORT: 8000","timestamp":"2025-12-13 18:37:27"}
{"level":"info","message":"Connected with MongoDB Database!!!","timestamp":"2025-12-13 18:37:28"}
{"level":"info","message":"Server running on PORT: 8000","timestamp":"2025-12-13 18:38:07"}
{"level":"info","message":"Connected with MongoDB Database!!!","timestamp":"2025-12-13 18:38:09"}
{"level":"info","message":"Server running on PORT: 8000","timestamp":"2025-12-13 18:46:28"}
{"level":"info","message":"Connected with MongoDB Database!!!","timestamp":"2025-12-13 18:46:29"}
{"level":"info","message":"Server running on PORT: 8000","timestamp":"2025-12-13 18:48:09"}
{"level":"info","message":"Connected with MongoDB Database!!!","timestamp":"2025-12-13 18:48:10"}
{"level":"info","message":"Server running on PORT: 8000","timestamp":"2025-12-13 18:48:51"}
{"level":"info","message":"Connected with MongoDB Database!!!","timestamp":"2025-12-13 18:48:52"}
{"level":"info","message":"Server running on PORT: 8000","timestamp":"2025-12-13 18:52:25"}
{"level":"info","message":"Connected with MongoDB Database!!!","timestamp":"2025-12-13 18:52:26"}
{"level":"info","message":"Server running on PORT: 8000","timestamp":"2025-12-13 19:00:09"}
{"level":"info","message":"Connected with MongoDB Database!!!","timestamp":"2025-12-13 19:00:10"}
{"level":"info","message":"Server running on PORT: 8000","timestamp":"2025-12-13 19:00:19"}
{"level":"info","message":"Connected with MongoDB Database!!!","timestamp":"2025-12-13 19:00:19"}
{"level":"info","message":"Server running on PORT: 8000","timestamp":"2025-12-13 19:00:29"}
{"level":"info","message":"Connected with MongoDB Database!!!","timestamp":"2025-12-13 19:00:30"}
{"level":"info","message":"Server running on PORT: 8000","timestamp":"2025-12-15 15:24:04"}
{"level":"info","message":"Connected with MongoDB Database!!!","timestamp":"2025-12-15 15:24:05"}
{"level":"info","message":"Server running on PORT: 8000","timestamp":"2025-12-15 16:54:12"}
{"level":"info","message":"Connected with MongoDB Database!!!","timestamp":"2025-12-15 16:54:13"}
{"level":"info","message":"Server running on PORT: 8000","timestamp":"2025-12-15 17:46:52"}
{"level":"info","message":"Connected with MongoDB Database!!!","timestamp":"2025-12-15 17:46:54"}
{"level":"info","message":"Server running on PORT: 8000","timestamp":"2025-12-15 18:28:43"}
{"level":"info","message":"Connected with MongoDB Database!!!","timestamp":"2025-12-15 18:28:45"}
{"level":"info","message":"Server running on PORT: 8000","timestamp":"2025-12-15 18:54:03"}
{"level":"info","message":"Connected with MongoDB Database!!!","timestamp":"2025-12-15 18:54:04"}
{"level":"info","message":"Server running on PORT: 8000","timestamp":"2025-12-15 18:54:08"}
{"level":"info","message":"Connected with MongoDB Database!!!","timestamp":"2025-12-15 18:54:08"}
{"level":"info","message":"Server running on PORT: 8000","timestamp":"2025-12-16 10:26:47"}
{"level":"info","message":"Connected with MongoDB Database!!!","timestamp":"2025-12-16 10:26:48"}
{"level":"info","message":"Server running on PORT: 8000","timestamp":"2025-12-16 12:36:32"}
{"level":"info","message":"Connected with MongoDB Database!!!","timestamp":"2025-12-16 12:36:33"}
{"level":"info","message":"Server running on PORT: 8000","timestamp":"2025-12-16 14:43:20"}
{"level":"info","message":"Connected with MongoDB Database!!!","timestamp":"2025-12-16 14:43:21"}
{"level":"info","message":"Server running on PORT: 8000","timestamp":"2025-12-16 14:43:25"}
{"level":"info","message":"Connected with MongoDB Database!!!","timestamp":"2025-12-16 14:43:26"}
{"level":"info","message":"Server running on PORT: 8000","timestamp":"2025-12-16 14:43:48"}
{"level":"info","message":"Connected with MongoDB Database!!!","timestamp":"2025-12-16 14:43:48"}
{"level":"info","message":"Server running on PORT: 8000","timestamp":"2025-12-16 14:47:25"}
{"level":"info","message":"Connected with MongoDB Database!!!","timestamp":"2025-12-16 14:47:27"}
{"level":"info","message":"Server running on PORT: 8000","timestamp":"2025-12-16 14:47:44"}
{"level":"info","message":"Connected with MongoDB Database!!!","timestamp":"2025-12-16 14:47:45"}
{"level":"info","message":"Server running on PORT: 8000","timestamp":"2025-12-16 14:55:21"}
{"level":"info","message":"Server running on PORT: 8000","timestamp":"2025-12-16 14:55:28"}
{"level":"info","message":"Connected with MongoDB Database!!!","timestamp":"2025-12-16 14:55:28"}
{"level":"info","message":"Server running on PORT: 8000","timestamp":"2025-12-16 14:55:53"}
{"level":"info","message":"Connected with MongoDB Database!!!","timestamp":"2025-12-16 14:55:53"}
{"level":"info","message":"Server running on PORT: 8000","timestamp":"2025-12-16 14:57:11"}
{"level":"info","message":"Connected with MongoDB Database!!!","timestamp":"2025-12-16 14:57:13"}
{"level":"info","message":"Server running on PORT: 8000","timestamp":"2025-12-16 14:58:34"}
{"level":"info","message":"Connected with MongoDB Database!!!","timestamp":"2025-12-16 14:58:34"}
{"level":"info","message":"Server running on PORT: 8000","timestamp":"2025-12-16 15:02:23"}
{"level":"info","message":"Connected with MongoDB Database!!!","timestamp":"2025-12-16 15:02:25"}
{"level":"info","message":"Server running on PORT: 8000","timestamp":"2025-12-16 15:02:34"}
{"level":"info","message":"Connected with MongoDB Database!!!","timestamp":"2025-12-16 15:02:35"}
{"level":"info","message":"Server running on PORT: 8000","timestamp":"2025-12-16 15:02:40"}
{"level":"info","message":"Connected with MongoDB Database!!!","timestamp":"2025-12-16 15:02:41"}
{"level":"info","message":"Server running on PORT: 8000","timestamp":"2025-12-16 15:02:54"}
{"level":"info","message":"Connected with MongoDB Database!!!","timestamp":"2025-12-16 15:02:55"}
{"level":"info","message":"Server running on PORT: 8000","timestamp":"2025-12-16 15:10:58"}
{"level":"info","message":"Connected with MongoDB Database!!!","timestamp":"2025-12-16 15:10:59"}
{"level":"info","message":"Server running on PORT: 8000","timestamp":"2025-12-16 15:13:35"}
{"level":"info","message":"Connected with MongoDB Database!!!","timestamp":"2025-12-16 15:13:35"}
{"level":"info","message":"Server running on PORT: 8000","timestamp":"2025-12-16 15:40:49"}
{"level":"info","message":"Connected with MongoDB Database!!!","timestamp":"2025-12-16 15:40:52"}
{"level":"info","message":"Server running on PORT: 8000","timestamp":"2025-12-16 15:41:02"}
{"level":"info","message":"Connected with MongoDB Database!!!","timestamp":"2025-12-16 15:41:03"}
{"level":"info","message":"Server running on PORT: 8000","timestamp":"2025-12-16 15:53:24"}
{"level":"info","message":"Connected with MongoDB Database!!!","timestamp":"2025-12-16 15:53:24"}
{"level":"info","message":"Server running on PORT: 8000","timestamp":"2025-12-16 15:53:37"}
{"level":"info","message":"Connected with MongoDB Database!!!","timestamp":"2025-12-16 15:53:38"}
{"level":"info","message":"Server running on PORT: 8000","timestamp":"2025-12-16 16:03:52"}
{"level":"info","message":"Connected with MongoDB Database!!!","timestamp":"2025-12-16 16:03:53"}
{"level":"info","message":"Server running on PORT: 8000","timestamp":"2025-12-16 16:08:25"}
{"level":"info","message":"Connected with MongoDB Database!!!","timestamp":"2025-12-16 16:08:26"}
{"level":"info","message":"Server running on PORT: 8000","timestamp":"2025-12-16 16:08:51"}
{"level":"info","message":"Connected with MongoDB Database!!!","timestamp":"2025-12-16 16:08:51"}
{"level":"info","message":"Server running on PORT: 8000","timestamp":"2025-12-16 16:15:45"}
{"level":"info","message":"Connected with MongoDB Database!!!","timestamp":"2025-12-16 16:15:46"}
{"level":"info","message":"Server running on PORT: 8000","timestamp":"2025-12-16 16:45:33"}
{"level":"info","message":"Connected with MongoDB Database!!!","timestamp":"2025-12-16 16:45:34"}
{"level":"info","message":"Server running on PORT: 8000","timestamp":"2025-12-16 17:06:47"}
{"level":"info","message":"Connected with MongoDB Database!!!","timestamp":"2025-12-16 17:06:48"}
{"level":"info","message":"Server running on PORT: 8000","timestamp":"2025-12-16 17:08:22"}
{"level":"info","message":"Connected with MongoDB Database!!!","timestamp":"2025-12-16 17:08:23"}
{"level":"info","message":"Server running on PORT: 8000","timestamp":"2025-12-16 17:08:51"}
{"level":"info","message":"Connected with MongoDB Database!!!","timestamp":"2025-12-16 17:08:52"}
{"level":"info","message":"Server running on PORT: 8000","timestamp":"2025-12-16 17:09:25"}
{"level":"info","message":"Connected with MongoDB Database!!!","timestamp":"2025-12-16 17:09:26"}
{"level":"info","message":"Server running on PORT: 8000","timestamp":"2025-12-16 17:12:28"}
{"level":"info","message":"Connected with MongoDB Database!!!","timestamp":"2025-12-16 17:12:30"}
{"level":"info","message":"Server running on PORT: 8000","timestamp":"2025-12-16 17:12:53"}
{"level":"info","message":"Connected with MongoDB Database!!!","timestamp":"2025-12-16 17:12:55"}
{"level":"info","message":"Server running on PORT: 8000","timestamp":"2025-12-16 17:13:20"}
{"level":"info","message":"Connected with MongoDB Database!!!","timestamp":"2025-12-16 17:13:20"}
{"level":"info","message":"Server running on PORT: 8000","timestamp":"2025-12-16 17:49:52"}
{"level":"info","message":"Connected with MongoDB Database!!!","timestamp":"2025-12-16 17:49:53"}
{"level":"info","message":"Server running on PORT: 8000","timestamp":"2025-12-16 18:43:42"}
{"level":"info","message":"Connected with MongoDB Database!!!","timestamp":"2025-12-16 18:43:43"}
{"level":"info","message":"Server running on PORT: 8000","timestamp":"2025-12-16 21:08:19"}
{"level":"info","message":"Connected with MongoDB Database!!!","timestamp":"2025-12-16 21:08:20"}
{"level":"info","message":"Server running on PORT: 8000","timestamp":"2025-12-17 10:08:22"}
{"level":"info","message":"Connected with MongoDB Database!!!","timestamp":"2025-12-17 10:08:22"}
{"level":"info","message":"Server running on PORT: 8000","timestamp":"2025-12-17 10:13:59"}
{"level":"info","message":"Connected with MongoDB Database!!!","timestamp":"2025-12-17 10:13:59"}
{"level":"info","message":"Server running on PORT: 8000","timestamp":"2025-12-17 12:03:08"}
{"level":"info","message":"Connected with MongoDB Database!!!","timestamp":"2025-12-17 12:03:09"}
{"level":"info","message":"Server running on PORT: 8000","timestamp":"2025-12-17 12:44:23"}
{"level":"info","message":"Connected with MongoDB Database!!!","timestamp":"2025-12-17 12:44:24"}
{"level":"info","message":"Server running on PORT: 8000","timestamp":"2025-12-17 13:14:08"}
{"level":"info","message":"Connected with MongoDB Database!!!","timestamp":"2025-12-17 13:14:12"}
{"level":"info","message":"Server running on PORT: 8000","timestamp":"2025-12-17 13:20:06"}
{"level":"info","message":"Connected with MongoDB Database!!!","timestamp":"2025-12-17 13:20:09"}
{"level":"info","message":"Server running on PORT: 8000","timestamp":"2025-12-17 13:25:27"}
{"level":"info","message":"Server running on PORT: 8000","timestamp":"2025-12-17 13:25:29"}
{"level":"info","message":"Server running on PORT: 8000","timestamp":"2025-12-17 13:25:31"}
{"level":"info","message":"Connected with MongoDB Database!!!","timestamp":"2025-12-17 13:25:32"}
{"level":"info","message":"Server running on PORT: 8000","timestamp":"2025-12-17 13:25:34"}
{"level":"info","message":"Server running on PORT: 8000","timestamp":"2025-12-17 13:25:37"}
{"level":"info","message":"Connected with MongoDB Database!!!","timestamp":"2025-12-17 13:25:38"}
{"level":"info","message":"Server running on PORT: 8000","timestamp":"2025-12-17 13:25:48"}
{"level":"info","message":"Connected with MongoDB Database!!!","timestamp":"2025-12-17 13:25:49"}
{"level":"info","message":"Server running on PORT: 8000","timestamp":"2025-12-17 13:25:51"}
{"level":"info","message":"Connected with MongoDB Database!!!","timestamp":"2025-12-17 13:25:54"}
{"level":"info","message":"Server running on PORT: 8000","timestamp":"2025-12-17 13:33:16"}
{"level":"info","message":"Connected with MongoDB Database!!!","timestamp":"2025-12-17 13:33:17"}
{"level":"info","message":"Server running on PORT: 8000","timestamp":"2025-12-17 13:39:09"}
{"level":"info","message":"Connected with MongoDB Database!!!","timestamp":"2025-12-17 13:39:11"}
{"level":"info","message":"Server running on PORT: 8000","timestamp":"2025-12-17 13:39:34"}
{"level":"info","message":"Connected with MongoDB Database!!!","timestamp":"2025-12-17 13:39:35"}
{"level":"info","message":"Server running on PORT: 8000","timestamp":"2025-12-17 13:39:56"}
{"level":"info","message":"Connected with MongoDB Database!!!","timestamp":"2025-12-17 13:39:58"}
{"level":"info","message":"Server running on PORT: 8000","timestamp":"2025-12-17 14:25:57"}
{"level":"info","message":"Connected with MongoDB Database!!!","timestamp":"2025-12-17 14:26:00"}
{"level":"info","message":"Server running on PORT: 8000","timestamp":"2025-12-17 15:08:06"}
{"level":"info","message":"Connected with MongoDB Database!!!","timestamp":"2025-12-17 15:08:06"}
{"level":"info","message":"Server running on PORT: 8000","timestamp":"2025-12-17 15:09:33"}
{"level":"info","message":"Connected with MongoDB Database!!!","timestamp":"2025-12-17 15:09:35"}
{"level":"info","message":"Server running on PORT: 8000","timestamp":"2025-12-17 15:09:58"}
{"level":"info","message":"Connected with MongoDB Database!!!","timestamp":"2025-12-17 15:09:58"}
{"level":"info","message":"Server running on PORT: 8000","timestamp":"2025-12-17 15:10:05"}
{"level":"info","message":"Connected with MongoDB Database!!!","timestamp":"2025-12-17 15:10:06"}
{"level":"info","message":"Server running on PORT: 8000","timestamp":"2025-12-17 15:14:14"}
{"level":"info","message":"Connected with MongoDB Database!!!","timestamp":"2025-12-17 15:14:16"}
{"level":"info","message":"Server running on PORT: 8000","timestamp":"2025-12-17 15:37:13"}
{"level":"info","message":"Connected with MongoDB Database!!!","timestamp":"2025-12-17 15:37:15"}
{"level":"info","message":"Server running on PORT: 8000","timestamp":"2025-12-17 15:38:33"}
{"level":"info","message":"Connected with MongoDB Database!!!","timestamp":"2025-12-17 15:38:35"}
{"level":"info","message":"Server running on PORT: 8000","timestamp":"2025-12-17 15:38:42"}
{"level":"info","message":"Connected with MongoDB Database!!!","timestamp":"2025-12-17 15:38:42"}
{"level":"info","message":"Server running on PORT: 8000","timestamp":"2025-12-17 15:39:16"}
{"level":"info","message":"Connected with MongoDB Database!!!","timestamp":"2025-12-17 15:39:17"}
{"level":"info","message":"Server running on PORT: 8000","timestamp":"2025-12-17 15:44:08"}
{"level":"info","message":"Connected with MongoDB Database!!!","timestamp":"2025-12-17 15:44:09"}
{"level":"info","message":"Server running on PORT: 8000","timestamp":"2025-12-17 15:44:22"}
{"level":"info","message":"Connected with MongoDB Database!!!","timestamp":"2025-12-17 15:44:22"}
{"level":"info","message":"Server running on PORT: 8000","timestamp":"2025-12-17 15:44:27"}
{"level":"info","message":"Connected with MongoDB Database!!!","timestamp":"2025-12-17 15:44:27"}
{"level":"info","message":"Server running on PORT: 8000","timestamp":"2025-12-17 15:45:32"}
{"level":"info","message":"Connected with MongoDB Database!!!","timestamp":"2025-12-17 15:45:33"}
{"level":"info","message":"Server running on PORT: 8000","timestamp":"2025-12-17 16:10:05"}
{"level":"info","message":"Server running on PORT: 8000","timestamp":"2025-12-17 16:10:06"}
{"level":"info","message":"Server running on PORT: 8000","timestamp":"2025-12-17 16:10:13"}
{"level":"info","message":"Server running on PORT: 8000","timestamp":"2025-12-17 16:10:15"}
{"level":"info","message":"Server running on PORT: 8000","timestamp":"2025-12-17 16:10:43"}
{"level":"info","message":"Server running on PORT: 8000","timestamp":"2025-12-17 16:11:51"}
{"level":"info","message":"Connected with MongoDB Database!!!","timestamp":"2025-12-17 16:11:54"}
{"level":"info","message":"Server running on PORT: 8000","timestamp":"2025-12-17 16:17:03"}
{"level":"info","message":"Connected with MongoDB Database!!!","timestamp":"2025-12-17 16:17:04"}
{"level":"info","message":"Server running on PORT: 8000","timestamp":"2025-12-17 16:17:53"}
{"level":"info","message":"Connected with MongoDB Database!!!","timestamp":"2025-12-17 16:17:54"}
{"level":"info","message":"Server running on PORT: 8000","timestamp":"2025-12-17 16:18:02"}
{"level":"info","message":"Connected with MongoDB Database!!!","timestamp":"2025-12-17 16:18:03"}
{"level":"info","message":"Server running on PORT: 8000","timestamp":"2025-12-17 16:18:11"}
{"level":"info","message":"Connected with MongoDB Database!!!","timestamp":"2025-12-17 16:18:12"}
{"level":"info","message":"Server running on PORT: 8000","timestamp":"2025-12-17 16:18:50"}
{"level":"info","message":"Connected with MongoDB Database!!!","timestamp":"2025-12-17 16:18:50"}
{"level":"info","message":"Server running on PORT: 8000","timestamp":"2025-12-17 16:25:22"}
{"level":"info","message":"Connected with MongoDB Database!!!","timestamp":"2025-12-17 16:25:22"}
{"level":"info","message":"Server running on PORT: 8000","timestamp":"2025-12-17 16:25:32"}
{"level":"info","message":"Connected with MongoDB Database!!!","timestamp":"2025-12-17 16:25:33"}
{"level":"info","message":"Server running on PORT: 8000","timestamp":"2025-12-17 16:38:45"}
{"level":"info","message":"Connected with MongoDB Database!!!","timestamp":"2025-12-17 16:38:45"}
{"level":"info","message":"Server running on PORT: 8000","timestamp":"2025-12-17 16:41:16"}
{"level":"info","message":"Connected with MongoDB Database!!!","timestamp":"2025-12-17 16:41:16"}
{"level":"info","message":"Server running on PORT: 8000","timestamp":"2025-12-17 16:41:30"}
{"level":"info","message":"Connected with MongoDB Database!!!","timestamp":"2025-12-17 16:41:31"}
{"level":"info","message":"Server running on PORT: 8000","timestamp":"2025-12-17 16:42:54"}
{"level":"info","message":"Connected with MongoDB Database!!!","timestamp":"2025-12-17 16:42:54"}
{"level":"info","message":"Server running on PORT: 8000","timestamp":"2025-12-17 16:43:12"}
{"level":"info","message":"Connected with MongoDB Database!!!","timestamp":"2025-12-17 16:43:12"}
{"level":"info","message":"Server running on PORT: 8000","timestamp":"2025-12-17 16:46:29"}
{"level":"info","message":"Connected with MongoDB Database!!!","timestamp":"2025-12-17 16:46:30"}
{"level":"info","message":"Server running on PORT: 8000","timestamp":"2025-12-17 16:46:55"}
{"level":"info","message":"Connected with MongoDB Database!!!","timestamp":"2025-12-17 16:46:55"}
{"level":"info","message":"Server running on PORT: 8000","timestamp":"2025-12-17 17:03:54"}
{"level":"info","message":"Connected with MongoDB Database!!!","timestamp":"2025-12-17 17:03:55"}
{"level":"info","message":"Server running on PORT: 8000","timestamp":"2025-12-17 17:04:06"}
{"level":"info","message":"Connected with MongoDB Database!!!","timestamp":"2025-12-17 17:04:07"}
{"level":"info","message":"Server running on PORT: 8000","timestamp":"2025-12-17 17:04:15"}
{"level":"info","message":"Connected with MongoDB Database!!!","timestamp":"2025-12-17 17:04:16"}
{"level":"info","message":"Server running on PORT: 8000","timestamp":"2025-12-17 17:04:39"}
{"level":"info","message":"Connected with MongoDB Database!!!","timestamp":"2025-12-17 17:04:39"}
{"level":"info","message":"Server running on PORT: 8000","timestamp":"2025-12-17 17:09:57"}
{"level":"info","message":"Connected with MongoDB Database!!!","timestamp":"2025-12-17 17:09:58"}
{"level":"info","message":"Server running on PORT: 8000","timestamp":"2025-12-17 17:52:53"}
{"level":"info","message":"Connected with MongoDB Database!!!","timestamp":"2025-12-17 17:52:54"}
{"level":"info","message":"Server running on PORT: 8000","timestamp":"2025-12-17 18:12:30"}
{"level":"info","message":"Connected with MongoDB Database!!!","timestamp":"2025-12-17 18:12:32"}
{"level":"info","message":"Server running on PORT: 8000","timestamp":"2025-12-18 15:47:20"}
{"level":"info","message":"Connected with MongoDB Database!!!","timestamp":"2025-12-18 15:47:21"}
{"level":"info","message":"Server running on PORT: 8000","timestamp":"2025-12-18 15:55:16"}
{"level":"info","message":"Connected with MongoDB Database!!!","timestamp":"2025-12-18 15:55:17"}
{"level":"info","message":"Server running on PORT: 8000","timestamp":"2025-12-18 19:20:48"}
{"level":"info","message":"Connected with MongoDB Database!!!","timestamp":"2025-12-18 19:20:49"}
{"level":"info","message":"Server running on PORT: 8000","timestamp":"2025-12-18 19:20:56"}
{"level":"info","message":"Connected with MongoDB Database!!!","timestamp":"2025-12-18 19:20:57"}
{"level":"info","message":"Server running on PORT: 8000","timestamp":"2025-12-18 19:21:09"}
{"level":"info","message":"Connected with MongoDB Database!!!","timestamp":"2025-12-18 19:21:09"}
{"level":"info","message":"Server running on PORT: 8000","timestamp":"2025-12-18 19:21:30"}
{"level":"info","message":"Connected with MongoDB Database!!!","timestamp":"2025-12-18 19:21:31"}
{"level":"info","message":"Server running on PORT: 8000","timestamp":"2025-12-18 19:28:07"}
{"level":"info","message":"Connected with MongoDB Database!!!","timestamp":"2025-12-18 19:28:08"}
{"level":"info","message":"Server running on PORT: 8000","timestamp":"2025-12-18 19:28:42"}
{"level":"info","message":"Connected with MongoDB Database!!!","timestamp":"2025-12-18 19:28:43"}
{"level":"info","message":"Created exam: JEE MAIN (jee-main)","timestamp":"2025-12-18 19:28:56"}
{"level":"info","message":"Created subject: Physics (physics)","timestamp":"2025-12-18 19:28:56"}
{"level":"info","message":"Created chapter group: Physics Chapters (physics-chapters)","timestamp":"2025-12-18 19:28:56"}
{"level":"info","message":"Created chapter: Vector Algebra (vector-algebra)","timestamp":"2025-12-18 19:28:56"}
{"level":"info","message":"Created topic: Vector Addition and Subtraction (vector-addition-and-subtraction)","timestamp":"2025-12-18 19:28:56"}
{"level":"info","message":"Created board: NEET (neet)","timestamp":"2025-12-18 19:28:57"}
{"level":"info","message":"Created exam: NEET (neet)","timestamp":"2025-12-18 19:28:57"}
{"level":"info","message":"Created subject: Physics (physics)","timestamp":"2025-12-18 19:28:57"}
{"level":"info","message":"Created chapter group: Physics Chapters (physics-chapters)","timestamp":"2025-12-18 19:28:57"}
{"level":"info","message":"Created chapter: Vector Algebra (vector-algebra)","timestamp":"2025-12-18 19:28:57"}
{"level":"info","message":"Created topic: Vector Addition and Subtraction (vector-addition-and-subtraction)","timestamp":"2025-12-18 19:28:57"}
{"level":"info","message":"Created exam: JEE ADVANCED (jee-advanced)","timestamp":"2025-12-18 19:28:57"}
{"level":"info","message":"Created subject: Physics (physics)","timestamp":"2025-12-18 19:28:58"}
{"level":"info","message":"Created chapter group: Physics Chapters (physics-chapters)","timestamp":"2025-12-18 19:28:58"}
{"level":"info","message":"Created chapter: Vector Algebra (vector-algebra)","timestamp":"2025-12-18 19:28:58"}
{"level":"info","message":"Created topic: Vector Cross Product (vector-cross-product)","timestamp":"2025-12-18 19:28:58"}
{"level":"info","message":"Created chapter: Motion in One Dimension (motion-in-one-dimension)","timestamp":"2025-12-18 19:28:58"}
{"level":"info","message":"Created topic: Scalars and Vectors (scalars-and-vectors)","timestamp":"2025-12-18 19:28:58"}
{"level":"info","message":"Created subject: Mathematics (mathematics)","timestamp":"2025-12-18 19:28:59"}
{"level":"info","message":"Created chapter group: Mathematics Chapters (mathematics-chapters)","timestamp":"2025-12-18 19:28:59"}
{"level":"info","message":"Created chapter: Vectors (vectors)","timestamp":"2025-12-18 19:28:59"}
{"level":"info","message":"Created topic: Scalar Multiplication (scalar-multiplication)","timestamp":"2025-12-18 19:28:59"}
{"level":"info","message":"Server running on PORT: 8000","timestamp":"2025-12-19 10:59:00"}
{"level":"info","message":"Connected with MongoDB Database!!!","timestamp":"2025-12-19 10:59:01"}
{"level":"info","message":"Server running on PORT: 8000","timestamp":"2025-12-19 13:20:19"}
{"level":"info","message":"Connected with MongoDB Database!!!","timestamp":"2025-12-19 13:20:21"}
{"level":"info","message":"Server running on PORT: 8000","timestamp":"2025-12-19 13:55:38"}
{"level":"info","message":"Connected with MongoDB Database!!!","timestamp":"2025-12-19 13:55:39"}
{"level":"info","message":"Processing image zip file...","timestamp":"2025-12-19 14:18:49"}
{"level":"info","message":"Uploading 5 images to Cloudinary...","timestamp":"2025-12-19 14:18:49"}
{"level":"error","message":"Cloudinary upload error: Must supply api_key","timestamp":"2025-12-19 14:18:49"}
{"level":"error","message":"Cloudinary upload error: Must supply api_key","timestamp":"2025-12-19 14:18:49"}
{"level":"error","message":"Cloudinary upload error: Must supply api_key","timestamp":"2025-12-19 14:18:49"}
{"level":"error","message":"Cloudinary upload error: Must supply api_key","timestamp":"2025-12-19 14:18:49"}
{"level":"error","message":"Cloudinary upload error: Must supply api_key","timestamp":"2025-12-19 14:18:49"}
{"level":"info","message":"Successfully uploaded 0 images","timestamp":"2025-12-19 14:18:49"}
{"level":"info","message":"Processed 0 images from zip","timestamp":"2025-12-19 14:18:49"}
{"level":"info","message":"Server running on PORT: 8000","timestamp":"2025-12-19 14:23:38"}
{"level":"info","message":"Connected with MongoDB Database!!!","timestamp":"2025-12-19 14:23:39"}
{"level":"info","message":"Server running on PORT: 8000","timestamp":"2025-12-19 14:23:45"}
{"level":"info","message":"Connected with MongoDB Database!!!","timestamp":"2025-12-19 14:23:46"}
{"level":"info","message":"Server running on PORT: 8000","timestamp":"2025-12-19 14:23:52"}
{"level":"info","message":"Connected with MongoDB Database!!!","timestamp":"2025-12-19 14:23:53"}
{"level":"info","message":"Server running on PORT: 8000","timestamp":"2025-12-19 14:24:03"}
{"level":"info","message":"Connected with MongoDB Database!!!","timestamp":"2025-12-19 14:24:04"}
{"level":"info","message":"Server running on PORT: 8000","timestamp":"2025-12-19 14:24:12"}
{"level":"info","message":"Connected with MongoDB Database!!!","timestamp":"2025-12-19 14:24:13"}
{"level":"info","message":"Server running on PORT: 8000","timestamp":"2025-12-19 14:25:52"}
{"level":"info","message":"Connected with MongoDB Database!!!","timestamp":"2025-12-19 14:25:53"}
{"level":"info","message":"Server running on PORT: 8000","timestamp":"2025-12-19 14:25:57"}
{"level":"info","message":"Connected with MongoDB Database!!!","timestamp":"2025-12-19 14:25:58"}
{"level":"info","message":"Processing image zip file...","timestamp":"2025-12-19 14:26:13"}
{"level":"info","message":"Uploading 5 images to Cloudinary...","timestamp":"2025-12-19 14:26:13"}
{"level":"info","message":"Successfully uploaded 5 images","timestamp":"2025-12-19 14:26:16"}
{"level":"info","message":"Processed 5 images from zip","timestamp":"2025-12-19 14:26:16"}
{"level":"info","message":"Processing image zip file...","timestamp":"2025-12-19 14:34:28"}
{"level":"info","message":"Uploading 5 images to Cloudinary...","timestamp":"2025-12-19 14:34:28"}
{"level":"info","message":"Successfully uploaded 5 images","timestamp":"2025-12-19 14:34:31"}
{"level":"info","message":"Processed 5 images from zip","timestamp":"2025-12-19 14:34:31"}
{"level":"info","message":"Server running on PORT: 8000","timestamp":"2025-12-19 16:25:54"}
{"level":"info","message":"Connected with MongoDB Database!!!","timestamp":"2025-12-19 16:25:55"}
{"level":"info","message":"Processing image zip file...","timestamp":"2025-12-19 16:30:49"}
{"level":"info","message":"Uploading 5 images to Cloudinary...","timestamp":"2025-12-19 16:30:49"}
{"level":"info","message":"Successfully uploaded 5 images","timestamp":"2025-12-19 16:30:52"}
{"level":"info","message":"Processed 5 images from zip","timestamp":"2025-12-19 16:30:52"}
{"level":"info","message":"Server running on PORT: 8000","timestamp":"2025-12-19 16:32:51"}
{"level":"info","message":"Connected with MongoDB Database!!!","timestamp":"2025-12-19 16:32:52"}
{"level":"info","message":"Server running on PORT: 8000","timestamp":"2025-12-19 16:53:26"}
{"level":"info","message":"Connected with MongoDB Database!!!","timestamp":"2025-12-19 16:53:27"}
{"level":"info","message":"Server running on PORT: 8000","timestamp":"2025-12-19 16:53:50"}
{"level":"info","message":"Connected with MongoDB Database!!!","timestamp":"2025-12-19 16:53:50"}
{"level":"info","message":"Server running on PORT: 8000","timestamp":"2025-12-19 16:54:08"}
{"level":"info","message":"Connected with MongoDB Database!!!","timestamp":"2025-12-19 16:54:09"}
{"level":"info","message":"Server running on PORT: 8000","timestamp":"2025-12-19 16:54:19"}
{"level":"info","message":"Connected with MongoDB Database!!!","timestamp":"2025-12-19 16:54:20"}
{"level":"info","message":"Server running on PORT: 8000","timestamp":"2025-12-19 16:54:42"}
{"level":"info","message":"Connected with MongoDB Database!!!","timestamp":"2025-12-19 16:54:43"}
{"level":"info","message":"Server running on PORT: 8000","timestamp":"2025-12-19 17:03:46"}
{"level":"info","message":"Server running on PORT: 8000","timestamp":"2025-12-19 17:04:03"}
{"level":"info","message":"Connected with MongoDB Database!!!","timestamp":"2025-12-19 17:04:03"}
{"level":"info","message":"Processing image zip file...","timestamp":"2025-12-19 17:05:20"}
{"level":"info","message":"Uploading 5 images to Cloudinary...","timestamp":"2025-12-19 17:05:20"}
{"level":"info","message":"Successfully uploaded 5 images","timestamp":"2025-12-19 17:05:22"}
{"level":"info","message":"Processed 5 images from zip","timestamp":"2025-12-19 17:05:22"}
{"level":"info","message":"Server running on PORT: 8000","timestamp":"2025-12-19 17:07:42"}
{"level":"info","message":"Connected with MongoDB Database!!!","timestamp":"2025-12-19 17:07:42"}
{"level":"info","message":"Server running on PORT: 8000","timestamp":"2025-12-19 17:15:42"}
{"level":"info","message":"Connected with MongoDB Database!!!","timestamp":"2025-12-19 17:15:42"}
{"level":"info","message":"Server running on PORT: 8000","timestamp":"2025-12-19 17:16:25"}
{"level":"info","message":"Connected with MongoDB Database!!!","timestamp":"2025-12-19 17:16:26"}
{"level":"info","message":"Server running on PORT: 8000","timestamp":"2025-12-19 17:17:41"}
{"level":"info","message":"Connected with MongoDB Database!!!","timestamp":"2025-12-19 17:17:42"}
{"level":"info","message":"Server running on PORT: 8000","timestamp":"2025-12-19 17:18:03"}
{"level":"info","message":"Connected with MongoDB Database!!!","timestamp":"2025-12-19 17:18:03"}
{"level":"info","message":"Server running on PORT: 8000","timestamp":"2025-12-19 17:39:54"}
{"level":"info","message":"Connected with MongoDB Database!!!","timestamp":"2025-12-19 17:39:55"}
{"level":"info","message":"Server running on PORT: 8000","timestamp":"2025-12-19 17:46:25"}
{"level":"info","message":"Connected with MongoDB Database!!!","timestamp":"2025-12-19 17:46:25"}
{"level":"info","message":"Server running on PORT: 8000","timestamp":"2025-12-19 17:47:10"}
{"level":"info","message":"Connected with MongoDB Database!!!","timestamp":"2025-12-19 17:47:11"}
{"level":"info","message":"Server running on PORT: 8000","timestamp":"2025-12-19 17:47:47"}
{"level":"info","message":"Connected with MongoDB Database!!!","timestamp":"2025-12-19 17:47:49"}
{"level":"info","message":"Server running on PORT: 8000","timestamp":"2025-12-19 17:48:04"}
{"level":"info","message":"Connected with MongoDB Database!!!","timestamp":"2025-12-19 17:48:05"}
{"level":"info","message":"Server running on PORT: 8000","timestamp":"2025-12-19 17:48:09"}
{"level":"info","message":"Connected with MongoDB Database!!!","timestamp":"2025-12-19 17:48:10"}
{"level":"info","message":"Server running on PORT: 8000","timestamp":"2025-12-19 17:48:18"}
{"level":"info","message":"Connected with MongoDB Database!!!","timestamp":"2025-12-19 17:48:19"}
{"level":"info","message":"Server running on PORT: 8000","timestamp":"2025-12-19 17:48:43"}
{"level":"info","message":"Connected with MongoDB Database!!!","timestamp":"2025-12-19 17:48:44"}
{"level":"info","message":"Processing image zip file...","timestamp":"2025-12-19 17:51:28"}
{"level":"info","message":"Uploading 5 images to Cloudinary...","timestamp":"2025-12-19 17:51:28"}
{"level":"info","message":"Successfully uploaded 5 images","timestamp":"2025-12-19 17:51:37"}
{"level":"info","message":"Processed 5 images from zip","timestamp":"2025-12-19 17:51:37"}
{"level":"info","message":"Server running on PORT: 8000","timestamp":"2025-12-19 18:22:30"}
{"level":"info","message":"Connected with MongoDB Database!!!","timestamp":"2025-12-19 18:22:31"}
{"level":"info","message":"Server running on PORT: 8000","timestamp":"2025-12-19 18:22:48"}
{"level":"info","message":"Connected with MongoDB Database!!!","timestamp":"2025-12-19 18:22:48"}
{"level":"info","message":"Server running on PORT: 8000","timestamp":"2025-12-19 18:22:54"}
{"level":"info","message":"Connected with MongoDB Database!!!","timestamp":"2025-12-19 18:22:54"}
{"level":"info","message":"Server running on PORT: 8000","timestamp":"2025-12-19 18:23:01"}
{"level":"info","message":"Connected with MongoDB Database!!!","timestamp":"2025-12-19 18:23:01"}
{"level":"info","message":"Server running on PORT: 8000","timestamp":"2025-12-19 18:23:22"}
{"level":"info","message":"Connected with MongoDB Database!!!","timestamp":"2025-12-19 18:23:22"}
{"level":"info","message":"Server running on PORT: 8000","timestamp":"2025-12-19 18:24:07"}
{"level":"info","message":"Connected with MongoDB Database!!!","timestamp":"2025-12-19 18:24:08"}
{"level":"info","message":"Server running on PORT: 8000","timestamp":"2025-12-19 18:26:38"}
{"level":"info","message":"Connected with MongoDB Database!!!","timestamp":"2025-12-19 18:26:40"}
{"level":"info","message":"Server running on PORT: 8000","timestamp":"2025-12-19 18:26:51"}
{"level":"info","message":"Connected with MongoDB Database!!!","timestamp":"2025-12-19 18:26:51"}
{"level":"info","message":"Server running on PORT: 8000","timestamp":"2025-12-19 18:27:06"}
{"level":"info","message":"Connected with MongoDB Database!!!","timestamp":"2025-12-19 18:27:07"}
{"level":"info","message":"Server running on PORT: 8000","timestamp":"2025-12-19 18:27:14"}
{"level":"info","message":"Connected with MongoDB Database!!!","timestamp":"2025-12-19 18:27:15"}
{"level":"info","message":"Server running on PORT: 8000","timestamp":"2025-12-19 18:27:37"}
{"level":"info","message":"Connected with MongoDB Database!!!","timestamp":"2025-12-19 18:27:37"}
{"level":"info","message":"Server running on PORT: 8000","timestamp":"2025-12-19 18:28:03"}
{"level":"info","message":"Connected with MongoDB Database!!!","timestamp":"2025-12-19 18:28:04"}
{"level":"info","message":"Server running on PORT: 8000","timestamp":"2025-12-19 18:33:02"}
{"level":"info","message":"Connected with MongoDB Database!!!","timestamp":"2025-12-19 18:33:03"}
{"level":"info","message":"Server running on PORT: 8000","timestamp":"2025-12-19 18:33:14"}
{"level":"info","message":"Connected with MongoDB Database!!!","timestamp":"2025-12-19 18:33:15"}
{"level":"info","message":"Server running on PORT: 8000","timestamp":"2025-12-19 18:33:38"}
{"level":"info","message":"Connected with MongoDB Database!!!","timestamp":"2025-12-19 18:33:38"}
{"level":"info","message":"Server running on PORT: 8000","timestamp":"2025-12-19 18:34:05"}
{"level":"info","message":"Connected with MongoDB Database!!!","timestamp":"2025-12-19 18:34:07"}
{"level":"info","message":"Server running on PORT: 8000","timestamp":"2025-12-19 18:34:28"}
{"level":"info","message":"Connected with MongoDB Database!!!","timestamp":"2025-12-19 18:34:29"}
{"level":"info","message":"Server running on PORT: 8000","timestamp":"2025-12-19 18:37:20"}
{"level":"info","message":"Connected with MongoDB Database!!!","timestamp":"2025-12-19 18:37:21"}
{"level":"info","message":"Server running on PORT: 8000","timestamp":"2025-12-19 18:38:24"}
{"level":"info","message":"Connected with MongoDB Database!!!","timestamp":"2025-12-19 18:38:25"}
{"level":"info","message":"Server running on PORT: 8000","timestamp":"2025-12-19 18:42:54"}
{"level":"info","message":"Connected with MongoDB Database!!!","timestamp":"2025-12-19 18:42:55"}
{"level":"info","message":"Server running on PORT: 8000","timestamp":"2025-12-19 18:43:10"}
{"level":"info","message":"Connected with MongoDB Database!!!","timestamp":"2025-12-19 18:43:10"}
{"level":"info","message":"Server running on PORT: 8000","timestamp":"2025-12-19 18:43:15"}
{"level":"info","message":"Connected with MongoDB Database!!!","timestamp":"2025-12-19 18:43:16"}
{"level":"info","message":"Server running on PORT: 8000","timestamp":"2025-12-19 18:43:40"}
{"level":"info","message":"Connected with MongoDB Database!!!","timestamp":"2025-12-19 18:43:40"}
{"level":"info","message":"Server running on PORT: 8000","timestamp":"2025-12-19 18:44:07"}
{"level":"info","message":"Connected with MongoDB Database!!!","timestamp":"2025-12-19 18:44:07"}
{"body":{},"level":"error","message":"Application Error Unexpected field","method":"POST","params":{},"path":"/api/v1/questions/bulk","query":{},"stack":"MulterError: Unexpected field\n    at wrappedFileFilter (C:\\D Drive\\CodeRoofs\\plans\\plans\\backend\\node_modules\\multer\\index.js:40:19)\n    at Multipart.<anonymous> (C:\\D Drive\\CodeRoofs\\plans\\plans\\backend\\node_modules\\multer\\lib\\make-middleware.js:132:7)\n    at Multipart.emit (node:events:518:28)\n    at HeaderParser.cb (C:\\D Drive\\CodeRoofs\\plans\\plans\\backend\\node_modules\\busboy\\lib\\types\\multipart.js:358:14)\n    at HeaderParser.push (C:\\D Drive\\CodeRoofs\\plans\\plans\\backend\\node_modules\\busboy\\lib\\types\\multipart.js:162:20)\n    at SBMH.ssCb [as _cb] (C:\\D Drive\\CodeRoofs\\plans\\plans\\backend\\node_modules\\busboy\\lib\\types\\multipart.js:394:37)\n    at feed (C:\\D Drive\\CodeRoofs\\plans\\plans\\backend\\node_modules\\streamsearch\\lib\\sbmh.js:219:14)\n    at SBMH.push (C:\\D Drive\\CodeRoofs\\plans\\plans\\backend\\node_modules\\streamsearch\\lib\\sbmh.js:104:16)\n    at Multipart._write (C:\\D Drive\\CodeRoofs\\plans\\plans\\backend\\node_modules\\busboy\\lib\\types\\multipart.js:567:19)\n    at writeOrBuffer (node:internal/streams/writable:572:12)","statusCode":500,"timestamp":"2025-12-19 18:45:38"}
{"level":"info","message":"Server running on PORT: 8000","timestamp":"2025-12-19 18:46:14"}
{"level":"info","message":"Connected with MongoDB Database!!!","timestamp":"2025-12-19 18:46:15"}
{"level":"info","message":"Server running on PORT: 8000","timestamp":"2025-12-19 18:46:29"}
{"level":"info","message":"Connected with MongoDB Database!!!","timestamp":"2025-12-19 18:46:30"}
{"body":{},"level":"error","message":"Application Error Unexpected field","method":"POST","params":{},"path":"/api/v1/questions/bulk","query":{},"stack":"MulterError: Unexpected field\n    at wrappedFileFilter (C:\\D Drive\\CodeRoofs\\plans\\plans\\backend\\node_modules\\multer\\index.js:40:19)\n    at Multipart.<anonymous> (C:\\D Drive\\CodeRoofs\\plans\\plans\\backend\\node_modules\\multer\\lib\\make-middleware.js:132:7)\n    at Multipart.emit (node:events:518:28)\n    at HeaderParser.cb (C:\\D Drive\\CodeRoofs\\plans\\plans\\backend\\node_modules\\busboy\\lib\\types\\multipart.js:358:14)\n    at HeaderParser.push (C:\\D Drive\\CodeRoofs\\plans\\plans\\backend\\node_modules\\busboy\\lib\\types\\multipart.js:162:20)\n    at SBMH.ssCb [as _cb] (C:\\D Drive\\CodeRoofs\\plans\\plans\\backend\\node_modules\\busboy\\lib\\types\\multipart.js:394:37)\n    at feed (C:\\D Drive\\CodeRoofs\\plans\\plans\\backend\\node_modules\\streamsearch\\lib\\sbmh.js:219:14)\n    at SBMH.push (C:\\D Drive\\CodeRoofs\\plans\\plans\\backend\\node_modules\\streamsearch\\lib\\sbmh.js:104:16)\n    at Multipart._write (C:\\D Drive\\CodeRoofs\\plans\\plans\\backend\\node_modules\\busboy\\lib\\types\\multipart.js:567:19)\n    at writeOrBuffer (node:internal/streams/writable:572:12)","statusCode":500,"timestamp":"2025-12-19 18:47:45"}
{"level":"info","message":"Server running on PORT: 8000","timestamp":"2025-12-19 18:47:59"}
{"level":"info","message":"Connected with MongoDB Database!!!","timestamp":"2025-12-19 18:48:01"}
{"level":"info","message":"Server running on PORT: 8000","timestamp":"2025-12-19 18:50:26"}
{"level":"info","message":"Connected with MongoDB Database!!!","timestamp":"2025-12-19 18:50:27"}
{"level":"info","message":"Server running on PORT: 8000","timestamp":"2025-12-19 18:50:39"}
{"level":"info","message":"Connected with MongoDB Database!!!","timestamp":"2025-12-19 18:50:39"}
